<?xml version="1.0" encoding="UTF-8"?>
<!-- Generated by org.testng.reporters.JUnitReportReporter -->
<testsuite hostname="DESKTOP-PB18A7O" failures="0" tests="1" name="test.Testing" time="5.171" errors="0" timestamp="2022-06-22T12:17:29 EDT" skipped="0">
  <testcase classname="test.Testing" name="searchJob" time="5.171"/>
  <system-out/>
</testsuite> <!-- test.Testing -->
